<?xml version="1.0" encoding="utf-8"?><testsuites><testsuite name="pytest" errors="0" failures="0" skipped="0" tests="49" time="0.235" timestamp="2025-01-17T13:19:30.120024+01:00" hostname="mb2"><testcase classname="tests.models.test_ingredient_model" name="test_ingredient_creation" time="0.001" /><testcase classname="tests.models.test_ingredient_model" name="test_ingredient_creation_with_defaults" time="0.000" /><testcase classname="tests.models.test_ingredient_model" name="test_ingredient_validation_error" time="0.000" /><testcase classname="tests.models.test_ingredient_model" name="test_ingredient_validation_error2" time="0.000" /><testcase classname="tests.models.test_ingredient_model" name="test_ingredient_missing_fields" time="0.000" /><testcase classname="tests.models.test_item_model" name="test_item_creation" time="0.000" /><testcase classname="tests.models.test_item_model" name="test_item_creation_with_defaults" time="0.000" /><testcase classname="tests.models.test_item_model" name="test_item_validation_error" time="0.000" /><testcase classname="tests.models.test_item_model" name="test_item_missing_fields" time="0.001" /><testcase classname="tests.models.test_item_model" name="test_item_invalid_description_type" time="0.000" /><testcase classname="tests.models.test_item_model" name="test_item_invalid_price_type" time="0.000" /><testcase classname="tests.models.test_item_model" name="test_item_invalid_quantity_type" time="0.000" /><testcase classname="tests.models.test_item_model" name="test_item_invalid_number_of_persons_type" time="0.000" /><testcase classname="tests.models.test_item_model" name="test_item_invalid_origin_country_type" time="0.000" /><testcase classname="tests.models.test_item_model" name="test_item_invalid_attributes_type" time="0.000" /><testcase classname="tests.models.test_item_model" name="test_item_invalid_utensils_type" time="0.000" /><testcase classname="tests.models.test_item_model" name="test_item_invalid_ingredients_type" time="0.000" /><testcase classname="tests.models.test_item_model" name="test_item_invalid_steps_type" time="0.000" /><testcase classname="tests.models.test_item_model" name="test_item_invalid_thumbnail_url_type" time="0.000" /><testcase classname="tests.models.test_item_model" name="test_item_invalid_large_image_url_type" time="0.000" /><testcase classname="tests.models.test_item_model" name="test_item_invalid_source_reference_type" time="0.000" /><testcase classname="tests.models.test_item_model" name="test_item_invalid_url" time="0.000" /><testcase classname="tests.models.test_item_model" name="test_item_invalid_list_types" time="0.000" /><testcase classname="tests.models.test_step_model" name="test_step_creation" time="0.000" /><testcase classname="tests.models.test_step_model" name="test_step_creation_without_duration" time="0.000" /><testcase classname="tests.models.test_step_model" name="test_step_validation_error" time="0.000" /><testcase classname="tests.models.test_step_model" name="test_step_missing_fields" time="0.000" /><testcase classname="tests.models.test_token_model" name="test_token_creation" time="0.000" /><testcase classname="tests.models.test_token_model" name="test_token_validation_error" time="0.000" /><testcase classname="tests.models.test_token_model" name="test_token_missing_fields" time="0.000" /><testcase classname="tests.schemas.test_ingredient_schema" name="test_ingredient_serial" time="0.000" /><testcase classname="tests.schemas.test_ingredient_schema" name="test_list_ingredient_serial" time="0.000" /><testcase classname="tests.schemas.test_item_schema" name="test_item_serial" time="0.000" /><testcase classname="tests.schemas.test_item_schema" name="test_list_item_serial" time="0.000" /><testcase classname="tests.schemas.test_step_schema" name="test_step_serial" time="0.000" /><testcase classname="tests.schemas.test_step_schema" name="test_list_step_serial" time="0.000" /><testcase classname="tests.services.test_items_service" name="test_create_item_success" time="0.001" /><testcase classname="tests.services.test_items_service" name="test_create_item_failure" time="0.000" /><testcase classname="tests.services.test_items_service" name="test_create_item_invalid_id" time="0.000" /><testcase classname="tests.services.test_items_service" name="test_get_items_success" time="0.000" /><testcase classname="tests.services.test_items_service" name="test_get_items_failure" time="0.000" /><testcase classname="tests.services.test_items_service" name="test_get_items_invalid_response" time="0.000" /><testcase classname="tests.services.test_items_service" name="test_get_item_success" time="0.000" /><testcase classname="tests.services.test_items_service" name="test_get_item_not_found" time="0.000" /><testcase classname="tests.services.test_items_service" name="test_get_item_failure" time="0.000" /><testcase classname="tests.services.test_items_service" name="test_update_item_success" time="0.000" /><testcase classname="tests.services.test_items_service" name="test_update_item_failure" time="0.000" /><testcase classname="tests.services.test_items_service" name="test_delete_item_success" time="0.000" /><testcase classname="tests.services.test_items_service" name="test_delete_item_failure" time="0.000" /></testsuite></testsuites>